Deploying function (may take a while - up to 2 minutes)...
.
For Cloud Build Logs, visit: https://console.cloud.google.com/cloud-build/builds;region=us-central1/8293bb60-0781-472c-8aa7-012c598f65e6?project=591409139500
availableMemoryMb: 256
buildId: 5601ace3-3137-4f05-93f0-a437856f131f
entryPoint: run
environmentVariables:
  SURVEY: ztf
  TESTID: 'False'
eventTrigger:
  eventType: google.pubsub.topic.publish
  failurePolicy: {}
  resource: projects/ardent-cycling-243415/topics/ztf-alerts
  service: pubsub.googleapis.com
ingressSettings: ALLOW_ALL
labels:
  deployment-tool: cli-gcloud
name: projects/ardent-cycling-243415/locations/us-central1/functions/ztf-upload_bytes_to_bucket
runtime: python37
serviceAccountEmail: ardent-cycling-243415@appspot.gserviceaccount.com
sourceUploadUrl: https://storage.googleapis.com/gcf-upload-us-central1-d1b4dbcd-0a7f-4431-9288-ee8e9736d91e/1bc3b1c8-ff8b-4b39-b5a5-76db7cf6ce8e.zip
status: ACTIVE
timeout: 60s
updateTime: '2021-08-07T19:07:39.585Z'
versionId: '3'
.......................................................................................................................................................................................done.
Deploying function (may take a while - up to 2 minutes)...
.
For Cloud Build Logs, visit: https://console.cloud.google.com/cloud-build/builds;region=us-central1/720109f8-9499-49ae-975d-5de9aeb90275?project=591409139500
availableMemoryMb: 256
buildId: b36d814e-c9d3-4308-91c5-fac16bf65326
entryPoint: run
environmentVariables:
  SURVEY: ztf
  TESTID: 'False'
  ZONE: us-central1-a
eventTrigger:
  eventType: google.pubsub.topic.publish
  failurePolicy: {}
  resource: projects/ardent-cycling-243415/topics/ztf-cue_night_conductor
  service: pubsub.googleapis.com
ingressSettings: ALLOW_ALL
labels:
  deployment-tool: cli-gcloud
name: projects/ardent-cycling-243415/locations/us-central1/functions/ztf-cue_night_conductor
runtime: python37
serviceAccountEmail: ardent-cycling-243415@appspot.gserviceaccount.com
sourceUploadUrl: https://storage.googleapis.com/gcf-upload-us-central1-d1b4dbcd-0a7f-4431-9288-ee8e9736d91e/b2dfa7d3-df39-4c00-bec4-7f528264a4d5.zip
status: ACTIVE
timeout: 60s
updateTime: '2021-08-07T19:11:26.381Z'
versionId: '4'
...........................................................................................................................................done.
Deploying function (may take a while - up to 2 minutes)...
.
For Cloud Build Logs, visit: https://console.cloud.google.com/cloud-build/builds;region=us-central1/27441ec2-2cac-4dc3-9708-f0569e5415b6?project=591409139500
availableMemoryMb: 256
buildId: c70b52a7-1602-454c-b99d-e9065cb06d76
entryPoint: run
environmentVariables:
  SURVEY: ztf
  TESTID: 'False'
  ZONE: us-central1-a
eventTrigger:
  eventType: google.pubsub.topic.publish
  failurePolicy: {}
  resource: projects/ardent-cycling-243415/topics/ztf-cue_night_conductor
  service: pubsub.googleapis.com
ingressSettings: ALLOW_ALL
labels:
  deployment-tool: cli-gcloud
name: projects/ardent-cycling-243415/locations/us-central1/functions/ztf-check_cue_response
runtime: python37
serviceAccountEmail: ardent-cycling-243415@appspot.gserviceaccount.com
sourceUploadUrl: https://storage.googleapis.com/gcf-upload-us-central1-d1b4dbcd-0a7f-4431-9288-ee8e9736d91e/c167b458-be88-4bc5-92a0-d3de4e6d43bd.zip
status: ACTIVE
timeout: 540s
updateTime: '2021-08-07T19:12:08.770Z'
versionId: '5'
.......................done.
