.:
ls-alerts-2020.out
ztf_public_20200114
ztf_public_20200123
ztf_public_20200127
ztf_public_20200128
ztf_public_20200130
ztf_public_20200201
ztf_public_20200202
ztf_public_20200209
ztf_public_20200212
ztf_public_20200213
ztf_public_20200214
ztf_public_20200219
ztf_public_20200226
ztf_public_20200229
ztf_public_20200331

./ztf_public_20200114:
1108378462015015000.avro

./ztf_public_20200123:
1117090643615015006.avro

./ztf_public_20200127:
1121122901715015008.avro

./ztf_public_20200128:
1122123645815015018.avro

./ztf_public_20200130:
1124114513915010023.avro

./ztf_public_20200201:
1126096713215010023.avro

./ztf_public_20200202:
1127095671215015004.avro

./ztf_public_20200209:
1134249520415015017.avro

./ztf_public_20200212:
1137316112915015009.avro

./ztf_public_20200213:
1138131923915015002.avro

./ztf_public_20200214:
1139302855715010014.avro

./ztf_public_20200219:
1144402522315015036.avro

./ztf_public_20200226:
1151312846215015005.avro

./ztf_public_20200229:
1154477101115015092.avro

./ztf_public_20200331:
1185468774115010019.avro
